<?xml version="1.0" encoding="UTF-8"?>
<testsuite name="Reto Choucair" tests="1" skipped="0" failures="0" errors="0" timestamp="2022-01-19T03:14:43" hostname="DESKTOP-VH1K740" time="49.655">
  <properties/>
  <testcase name="Create a new user in utest" classname="Reto Choucair" time="49.655"/>
  <system-out><![CDATA[]]></system-out>
  <system-err><![CDATA[[Test worker] WARN net.thucydides.core.steps.BaseStepListener - stepStarted: net.thucydides.core.steps.ExecutedStepDescription@58e92c23
[Test worker] WARN net.thucydides.core.steps.BaseStepListener - stepStarted: net.thucydides.core.steps.ExecutedStepDescription@7d17ee50
[Test worker] WARN net.thucydides.core.steps.BaseStepListener - stepStarted: net.thucydides.core.steps.ExecutedStepDescription@3252747e
ene. 18, 2022 10:14:44 P. M. org.openqa.selenium.remote.DesiredCapabilities chrome
INFORMACIÓN: Using `new ChromeOptions()` is preferred to `DesiredCapabilities.chrome()`
[Test worker] INFO net.serenitybdd.core.webdriver.driverproviders.ProvideNewDriver - Instantiating driver
[Test worker] INFO net.serenitybdd.core.webdriver.driverproviders.ProvideNewDriver - Driver capabilities: Capabilities {acceptInsecureCerts: false, browserName: chrome, chrome.switches: --start-maximized, goog:chromeOptions: {args: [--start-maximized], extensions: []}, loggingPrefs: org.openqa.selenium.logging..., platform: ANY, version: }
Starting ChromeDriver 97.0.4692.71 (adefa7837d02a07a604c1e6eff0b3a09422ab88d-refs/branch-heads/4692@{#1247}) on port 44302
Only local connections are allowed.
Please see https://chromedriver.chromium.org/security-considerations for suggestions on keeping ChromeDriver safe.
ChromeDriver was started successfully.
ene. 18, 2022 10:14:50 P. M. org.openqa.selenium.remote.ProtocolHandshake createSession
INFORMACIÓN: Detected dialect: W3C
[Test worker] WARN net.thucydides.core.steps.BaseStepListener - stepFinished: current outcome:Create a new user in utest:Given that yoana needs a new user to enter utest [Yoana open up [Yoana opens the Open up page]]
[Test worker] WARN net.thucydides.core.steps.BaseStepListener - stepFinished: current outcome:Create a new user in utest:Given that yoana needs a new user to enter utest [Yoana open up [Yoana opens the Open up page]]
[Test worker] WARN net.thucydides.core.steps.BaseStepListener - stepStarted: net.thucydides.core.steps.ExecutedStepDescription@74d22ddd
[Test worker] WARN net.thucydides.core.steps.BaseStepListener - stepStarted: net.thucydides.core.steps.ExecutedStepDescription@7a2a7492
[Test worker] WARN net.thucydides.core.steps.BaseStepListener - stepFinished: current outcome:Create a new user in utest:Given that yoana needs a new user to enter utest [Yoana open up [Yoana opens the Open up page], Yoana register [Yoana clicks on button join today]]
[Test worker] WARN net.thucydides.core.steps.BaseStepListener - stepFinished: current outcome:Create a new user in utest:Given that yoana needs a new user to enter utest [Yoana open up [Yoana opens the Open up page], Yoana register [Yoana clicks on button join today]]
[Test worker] WARN net.thucydides.core.steps.BaseStepListener - stepFinished: current outcome:Create a new user in utest:Given that yoana needs a new user to enter utest [Yoana open up [Yoana opens the Open up page], Yoana register [Yoana clicks on button join today]]
[Test worker] WARN net.thucydides.core.steps.BaseStepListener - stepStarted: net.thucydides.core.steps.ExecutedStepDescription@7956f93a
[Test worker] WARN net.thucydides.core.steps.BaseStepListener - stepStarted: net.thucydides.core.steps.ExecutedStepDescription@273aaab7
[Test worker] WARN net.thucydides.core.steps.BaseStepListener - stepStarted: net.thucydides.core.steps.ExecutedStepDescription@399af6dc
[Test worker] WARN net.thucydides.core.steps.BaseStepListener - stepFinished: current outcome:Create a new user in utest:Given that yoana needs a new user to enter utest [Yoana open up [Yoana opens the Open up page], Yoana register [Yoana clicks on button join today]], When you go to utest.com and click on join today you will find the form to create a new user [Yoana first step [Yoana enters 'Yoana' into enter name]]
[Test worker] WARN net.thucydides.core.steps.BaseStepListener - stepStarted: net.thucydides.core.steps.ExecutedStepDescription@58b8f9e3
[Test worker] WARN net.thucydides.core.steps.BaseStepListener - stepFinished: current outcome:Create a new user in utest:Given that yoana needs a new user to enter utest [Yoana open up [Yoana opens the Open up page], Yoana register [Yoana clicks on button join today]], When you go to utest.com and click on join today you will find the form to create a new user [Yoana first step [Yoana enters 'Yoana' into enter name, Yoana enters 'Valest' into enter lastname]]
[Test worker] WARN net.thucydides.core.steps.BaseStepListener - stepStarted: net.thucydides.core.steps.ExecutedStepDescription@55061418
[Test worker] WARN net.thucydides.core.steps.BaseStepListener - stepFinished: current outcome:Create a new user in utest:Given that yoana needs a new user to enter utest [Yoana open up [Yoana opens the Open up page], Yoana register [Yoana clicks on button join today]], When you go to utest.com and click on join today you will find the form to create a new user [Yoana first step [Yoana enters 'Yoana' into enter name, Yoana enters 'Valest' into enter lastname, Yoana enters 'yoana@pruebas2.com' into enter email]]
[Test worker] WARN net.thucydides.core.steps.BaseStepListener - stepStarted: net.thucydides.core.steps.ExecutedStepDescription@e06ec83
[Test worker] WARN net.thucydides.core.steps.BaseStepListener - stepFinished: current outcome:Create a new user in utest:Given that yoana needs a new user to enter utest [Yoana open up [Yoana opens the Open up page], Yoana register [Yoana clicks on button join today]], When you go to utest.com and click on join today you will find the form to create a new user [Yoana first step [Yoana enters 'Yoana' into enter name, Yoana enters 'Valest' into enter lastname, Yoana enters 'yoana@pruebas2.com' into enter email, Yoana clicks on enter month]]
[Test worker] WARN net.thucydides.core.steps.BaseStepListener - stepStarted: net.thucydides.core.steps.ExecutedStepDescription@254e9709
[Test worker] WARN net.thucydides.core.steps.BaseStepListener - stepFinished: current outcome:Create a new user in utest:Given that yoana needs a new user to enter utest [Yoana open up [Yoana opens the Open up page], Yoana register [Yoana clicks on button join today]], When you go to utest.com and click on join today you will find the form to create a new user [Yoana first step [Yoana enters 'Yoana' into enter name, Yoana enters 'Valest' into enter lastname, Yoana enters 'yoana@pruebas2.com' into enter email, Yoana clicks on enter month, Yoana clicks on enter day]]
[Test worker] WARN net.thucydides.core.steps.BaseStepListener - stepStarted: net.thucydides.core.steps.ExecutedStepDescription@1d3a03fe
[Test worker] WARN net.thucydides.core.steps.BaseStepListener - stepFinished: current outcome:Create a new user in utest:Given that yoana needs a new user to enter utest [Yoana open up [Yoana opens the Open up page], Yoana register [Yoana clicks on button join today]], When you go to utest.com and click on join today you will find the form to create a new user [Yoana first step [Yoana enters 'Yoana' into enter name, Yoana enters 'Valest' into enter lastname, Yoana enters 'yoana@pruebas2.com' into enter email, Yoana clicks on enter month, Yoana clicks on enter day, Yoana clicks on enter year]]
[Test worker] WARN net.thucydides.core.steps.BaseStepListener - stepStarted: net.thucydides.core.steps.ExecutedStepDescription@4315fe1b
[Test worker] WARN net.thucydides.core.steps.BaseStepListener - stepFinished: current outcome:Create a new user in utest:Given that yoana needs a new user to enter utest [Yoana open up [Yoana opens the Open up page], Yoana register [Yoana clicks on button join today]], When you go to utest.com and click on join today you will find the form to create a new user [Yoana first step [Yoana enters 'Yoana' into enter name, Yoana enters 'Valest' into enter lastname, Yoana enters 'yoana@pruebas2.com' into enter email, Yoana clicks on enter month, Yoana clicks on enter day, Yoana clicks on enter year, Yoana enters 'Spanish' into enter languages]]
[Test worker] WARN net.thucydides.core.steps.BaseStepListener - stepStarted: net.thucydides.core.steps.ExecutedStepDescription@b86cb18
[Test worker] WARN net.thucydides.core.steps.BaseStepListener - stepFinished: current outcome:Create a new user in utest:Given that yoana needs a new user to enter utest [Yoana open up [Yoana opens the Open up page], Yoana register [Yoana clicks on button join today]], When you go to utest.com and click on join today you will find the form to create a new user [Yoana first step [Yoana enters 'Yoana' into enter name, Yoana enters 'Valest' into enter lastname, Yoana enters 'yoana@pruebas2.com' into enter email, Yoana clicks on enter month, Yoana clicks on enter day, Yoana clicks on enter year, Yoana enters 'Spanish' into enter languages, Yoana enters ENTER into enter languages]]
[Test worker] WARN net.thucydides.core.steps.BaseStepListener - stepStarted: net.thucydides.core.steps.ExecutedStepDescription@5aa7cfdf
[Test worker] WARN net.thucydides.core.steps.BaseStepListener - stepFinished: current outcome:Create a new user in utest:Given that yoana needs a new user to enter utest [Yoana open up [Yoana opens the Open up page], Yoana register [Yoana clicks on button join today]], When you go to utest.com and click on join today you will find the form to create a new user [Yoana first step [Yoana enters 'Yoana' into enter name, Yoana enters 'Valest' into enter lastname, Yoana enters 'yoana@pruebas2.com' into enter email, Yoana clicks on enter month, Yoana clicks on enter day, Yoana clicks on enter year, Yoana enters 'Spanish' into enter languages, Yoana enters ENTER into enter languages, Yoana clicks on button to continue to the next step]]
[Test worker] WARN net.thucydides.core.steps.BaseStepListener - stepFinished: current outcome:Create a new user in utest:Given that yoana needs a new user to enter utest [Yoana open up [Yoana opens the Open up page], Yoana register [Yoana clicks on button join today]], When you go to utest.com and click on join today you will find the form to create a new user [Yoana first step [Yoana enters 'Yoana' into enter name, Yoana enters 'Valest' into enter lastname, Yoana enters 'yoana@pruebas2.com' into enter email, Yoana clicks on enter month, Yoana clicks on enter day, Yoana clicks on enter year, Yoana enters 'Spanish' into enter languages, Yoana enters ENTER into enter languages, Yoana clicks on button to continue to the next step]]
[Test worker] WARN net.thucydides.core.steps.BaseStepListener - stepStarted: net.thucydides.core.steps.ExecutedStepDescription@6d3ad37a
[Test worker] WARN net.thucydides.core.steps.BaseStepListener - stepStarted: net.thucydides.core.steps.ExecutedStepDescription@5dd747c1
[Test worker] WARN net.thucydides.core.steps.BaseStepListener - stepFinished: current outcome:Create a new user in utest:Given that yoana needs a new user to enter utest [Yoana open up [Yoana opens the Open up page], Yoana register [Yoana clicks on button join today]], When you go to utest.com and click on join today you will find the form to create a new user [Yoana first step [Yoana enters 'Yoana' into enter name, Yoana enters 'Valest' into enter lastname, Yoana enters 'yoana@pruebas2.com' into enter email, Yoana clicks on enter month, Yoana clicks on enter day, Yoana clicks on enter year, Yoana enters 'Spanish' into enter languages, Yoana enters ENTER into enter languages, Yoana clicks on button to continue to the next step], Yoana second step [Yoana enters 'Bogota' into enter city]]
[Test worker] WARN net.thucydides.core.steps.BaseStepListener - stepStarted: net.thucydides.core.steps.ExecutedStepDescription@137a4b54
[Test worker] WARN net.thucydides.core.steps.BaseStepListener - stepFinished: current outcome:Create a new user in utest:Given that yoana needs a new user to enter utest [Yoana open up [Yoana opens the Open up page], Yoana register [Yoana clicks on button join today]], When you go to utest.com and click on join today you will find the form to create a new user [Yoana first step [Yoana enters 'Yoana' into enter name, Yoana enters 'Valest' into enter lastname, Yoana enters 'yoana@pruebas2.com' into enter email, Yoana clicks on enter month, Yoana clicks on enter day, Yoana clicks on enter year, Yoana enters 'Spanish' into enter languages, Yoana enters ENTER into enter languages, Yoana clicks on button to continue to the next step], Yoana second step [Yoana enters 'Bogota' into enter city, Yoana enters ARROW_DOWN into enter city]]
[Test worker] WARN net.thucydides.core.steps.BaseStepListener - stepStarted: net.thucydides.core.steps.ExecutedStepDescription@4e7eba9f
[Test worker] WARN net.thucydides.core.steps.BaseStepListener - stepFinished: current outcome:Create a new user in utest:Given that yoana needs a new user to enter utest [Yoana open up [Yoana opens the Open up page], Yoana register [Yoana clicks on button join today]], When you go to utest.com and click on join today you will find the form to create a new user [Yoana first step [Yoana enters 'Yoana' into enter name, Yoana enters 'Valest' into enter lastname, Yoana enters 'yoana@pruebas2.com' into enter email, Yoana clicks on enter month, Yoana clicks on enter day, Yoana clicks on enter year, Yoana enters 'Spanish' into enter languages, Yoana enters ENTER into enter languages, Yoana clicks on button to continue to the next step], Yoana second step [Yoana enters 'Bogota' into enter city, Yoana enters ARROW_DOWN into enter city, Yoana enters ENTER into enter city]]
[Test worker] WARN net.thucydides.core.steps.BaseStepListener - stepStarted: net.thucydides.core.steps.ExecutedStepDescription@1c0e4262
[Test worker] WARN net.thucydides.core.steps.BaseStepListener - stepFinished: current outcome:Create a new user in utest:Given that yoana needs a new user to enter utest [Yoana open up [Yoana opens the Open up page], Yoana register [Yoana clicks on button join today]], When you go to utest.com and click on join today you will find the form to create a new user [Yoana first step [Yoana enters 'Yoana' into enter name, Yoana enters 'Valest' into enter lastname, Yoana enters 'yoana@pruebas2.com' into enter email, Yoana clicks on enter month, Yoana clicks on enter day, Yoana clicks on enter year, Yoana enters 'Spanish' into enter languages, Yoana enters ENTER into enter languages, Yoana clicks on button to continue to the next step], Yoana second step [Yoana enters 'Bogota' into enter city, Yoana enters ARROW_DOWN into enter city, Yoana enters ENTER into enter city, Yoana enters '111011' into enter postal code]]
[Test worker] WARN net.thucydides.core.steps.BaseStepListener - stepStarted: net.thucydides.core.steps.ExecutedStepDescription@1e6cb932
[Test worker] WARN net.thucydides.core.steps.BaseStepListener - stepFinished: current outcome:Create a new user in utest:Given that yoana needs a new user to enter utest [Yoana open up [Yoana opens the Open up page], Yoana register [Yoana clicks on button join today]], When you go to utest.com and click on join today you will find the form to create a new user [Yoana first step [Yoana enters 'Yoana' into enter name, Yoana enters 'Valest' into enter lastname, Yoana enters 'yoana@pruebas2.com' into enter email, Yoana clicks on enter month, Yoana clicks on enter day, Yoana clicks on enter year, Yoana enters 'Spanish' into enter languages, Yoana enters ENTER into enter languages, Yoana clicks on button to continue to the next step], Yoana second step [Yoana enters 'Bogota' into enter city, Yoana enters ARROW_DOWN into enter city, Yoana enters ENTER into enter city, Yoana enters '111011' into enter postal code, Yoana clicks on select list country]]
[Test worker] WARN net.thucydides.core.steps.BaseStepListener - stepStarted: net.thucydides.core.steps.ExecutedStepDescription@61c5fd78
[Test worker] WARN net.thucydides.core.steps.BaseStepListener - stepFinished: current outcome:Create a new user in utest:Given that yoana needs a new user to enter utest [Yoana open up [Yoana opens the Open up page], Yoana register [Yoana clicks on button join today]], When you go to utest.com and click on join today you will find the form to create a new user [Yoana first step [Yoana enters 'Yoana' into enter name, Yoana enters 'Valest' into enter lastname, Yoana enters 'yoana@pruebas2.com' into enter email, Yoana clicks on enter month, Yoana clicks on enter day, Yoana clicks on enter year, Yoana enters 'Spanish' into enter languages, Yoana enters ENTER into enter languages, Yoana clicks on button to continue to the next step], Yoana second step [Yoana enters 'Bogota' into enter city, Yoana enters ARROW_DOWN into enter city, Yoana enters ENTER into enter city, Yoana enters '111011' into enter postal code, Yoana clicks on select list country, Yoana enters 'Colombia' into enter country]]
[Test worker] WARN net.thucydides.core.steps.BaseStepListener - stepStarted: net.thucydides.core.steps.ExecutedStepDescription@7742a276
[Test worker] WARN net.thucydides.core.steps.BaseStepListener - stepFinished: current outcome:Create a new user in utest:Given that yoana needs a new user to enter utest [Yoana open up [Yoana opens the Open up page], Yoana register [Yoana clicks on button join today]], When you go to utest.com and click on join today you will find the form to create a new user [Yoana first step [Yoana enters 'Yoana' into enter name, Yoana enters 'Valest' into enter lastname, Yoana enters 'yoana@pruebas2.com' into enter email, Yoana clicks on enter month, Yoana clicks on enter day, Yoana clicks on enter year, Yoana enters 'Spanish' into enter languages, Yoana enters ENTER into enter languages, Yoana clicks on button to continue to the next step], Yoana second step [Yoana enters 'Bogota' into enter city, Yoana enters ARROW_DOWN into enter city, Yoana enters ENTER into enter city, Yoana enters '111011' into enter postal code, Yoana clicks on select list country, Yoana enters 'Colombia' into enter country, Yoana enters ENTER into enter country]]
[Test worker] WARN net.thucydides.core.steps.BaseStepListener - stepStarted: net.thucydides.core.steps.ExecutedStepDescription@3eee08f5
[Test worker] WARN net.thucydides.core.steps.BaseStepListener - stepFinished: current outcome:Create a new user in utest:Given that yoana needs a new user to enter utest [Yoana open up [Yoana opens the Open up page], Yoana register [Yoana clicks on button join today]], When you go to utest.com and click on join today you will find the form to create a new user [Yoana first step [Yoana enters 'Yoana' into enter name, Yoana enters 'Valest' into enter lastname, Yoana enters 'yoana@pruebas2.com' into enter email, Yoana clicks on enter month, Yoana clicks on enter day, Yoana clicks on enter year, Yoana enters 'Spanish' into enter languages, Yoana enters ENTER into enter languages, Yoana clicks on button to continue to the next step], Yoana second step [Yoana enters 'Bogota' into enter city, Yoana enters ARROW_DOWN into enter city, Yoana enters ENTER into enter city, Yoana enters '111011' into enter postal code, Yoana clicks on select list country, Yoana enters 'Colombia' into enter country, Yoana enters ENTER into enter country, Yoana clicks on button to continue to the next step]]
[Test worker] WARN net.thucydides.core.steps.BaseStepListener - stepFinished: current outcome:Create a new user in utest:Given that yoana needs a new user to enter utest [Yoana open up [Yoana opens the Open up page], Yoana register [Yoana clicks on button join today]], When you go to utest.com and click on join today you will find the form to create a new user [Yoana first step [Yoana enters 'Yoana' into enter name, Yoana enters 'Valest' into enter lastname, Yoana enters 'yoana@pruebas2.com' into enter email, Yoana clicks on enter month, Yoana clicks on enter day, Yoana clicks on enter year, Yoana enters 'Spanish' into enter languages, Yoana enters ENTER into enter languages, Yoana clicks on button to continue to the next step], Yoana second step [Yoana enters 'Bogota' into enter city, Yoana enters ARROW_DOWN into enter city, Yoana enters ENTER into enter city, Yoana enters '111011' into enter postal code, Yoana clicks on select list country, Yoana enters 'Colombia' into enter country, Yoana enters ENTER into enter country, Yoana clicks on button to continue to the next step]]
[Test worker] WARN net.thucydides.core.steps.BaseStepListener - stepStarted: net.thucydides.core.steps.ExecutedStepDescription@35454c7a
[Test worker] WARN net.thucydides.core.steps.BaseStepListener - stepStarted: net.thucydides.core.steps.ExecutedStepDescription@25216999
[Test worker] WARN net.thucydides.core.steps.BaseStepListener - stepFinished: current outcome:Create a new user in utest:Given that yoana needs a new user to enter utest [Yoana open up [Yoana opens the Open up page], Yoana register [Yoana clicks on button join today]], When you go to utest.com and click on join today you will find the form to create a new user [Yoana first step [Yoana enters 'Yoana' into enter name, Yoana enters 'Valest' into enter lastname, Yoana enters 'yoana@pruebas2.com' into enter email, Yoana clicks on enter month, Yoana clicks on enter day, Yoana clicks on enter year, Yoana enters 'Spanish' into enter languages, Yoana enters ENTER into enter languages, Yoana clicks on button to continue to the next step], Yoana second step [Yoana enters 'Bogota' into enter city, Yoana enters ARROW_DOWN into enter city, Yoana enters ENTER into enter city, Yoana enters '111011' into enter postal code, Yoana clicks on select list country, Yoana enters 'Colombia' into enter country, Yoana enters ENTER into enter country, Yoana clicks on button to continue to the next step], Yoana third step [Yoana clicks on device selection ]]
[Test worker] WARN net.thucydides.core.steps.BaseStepListener - stepStarted: net.thucydides.core.steps.ExecutedStepDescription@459d2ee6
[Test worker] WARN net.thucydides.core.steps.BaseStepListener - stepFinished: current outcome:Create a new user in utest:Given that yoana needs a new user to enter utest [Yoana open up [Yoana opens the Open up page], Yoana register [Yoana clicks on button join today]], When you go to utest.com and click on join today you will find the form to create a new user [Yoana first step [Yoana enters 'Yoana' into enter name, Yoana enters 'Valest' into enter lastname, Yoana enters 'yoana@pruebas2.com' into enter email, Yoana clicks on enter month, Yoana clicks on enter day, Yoana clicks on enter year, Yoana enters 'Spanish' into enter languages, Yoana enters ENTER into enter languages, Yoana clicks on button to continue to the next step], Yoana second step [Yoana enters 'Bogota' into enter city, Yoana enters ARROW_DOWN into enter city, Yoana enters ENTER into enter city, Yoana enters '111011' into enter postal code, Yoana clicks on select list country, Yoana enters 'Colombia' into enter country, Yoana enters ENTER into enter country, Yoana clicks on button to continue to the next step], Yoana third step [Yoana clicks on device selection , Yoana enters 'Apple' into specific device selection]]
[Test worker] WARN net.thucydides.core.steps.BaseStepListener - stepStarted: net.thucydides.core.steps.ExecutedStepDescription@3a3316b6
[Test worker] WARN net.thucydides.core.steps.BaseStepListener - stepFinished: current outcome:Create a new user in utest:Given that yoana needs a new user to enter utest [Yoana open up [Yoana opens the Open up page], Yoana register [Yoana clicks on button join today]], When you go to utest.com and click on join today you will find the form to create a new user [Yoana first step [Yoana enters 'Yoana' into enter name, Yoana enters 'Valest' into enter lastname, Yoana enters 'yoana@pruebas2.com' into enter email, Yoana clicks on enter month, Yoana clicks on enter day, Yoana clicks on enter year, Yoana enters 'Spanish' into enter languages, Yoana enters ENTER into enter languages, Yoana clicks on button to continue to the next step], Yoana second step [Yoana enters 'Bogota' into enter city, Yoana enters ARROW_DOWN into enter city, Yoana enters ENTER into enter city, Yoana enters '111011' into enter postal code, Yoana clicks on select list country, Yoana enters 'Colombia' into enter country, Yoana enters ENTER into enter country, Yoana clicks on button to continue to the next step], Yoana third step [Yoana clicks on device selection , Yoana enters 'Apple' into specific device selection, Yoana enters ENTER into specific device selection]]
[Test worker] WARN net.thucydides.core.steps.BaseStepListener - stepStarted: net.thucydides.core.steps.ExecutedStepDescription@75d539b9
[Test worker] WARN net.thucydides.core.steps.BaseStepListener - stepFinished: current outcome:Create a new user in utest:Given that yoana needs a new user to enter utest [Yoana open up [Yoana opens the Open up page], Yoana register [Yoana clicks on button join today]], When you go to utest.com and click on join today you will find the form to create a new user [Yoana first step [Yoana enters 'Yoana' into enter name, Yoana enters 'Valest' into enter lastname, Yoana enters 'yoana@pruebas2.com' into enter email, Yoana clicks on enter month, Yoana clicks on enter day, Yoana clicks on enter year, Yoana enters 'Spanish' into enter languages, Yoana enters ENTER into enter languages, Yoana clicks on button to continue to the next step], Yoana second step [Yoana enters 'Bogota' into enter city, Yoana enters ARROW_DOWN into enter city, Yoana enters ENTER into enter city, Yoana enters '111011' into enter postal code, Yoana clicks on select list country, Yoana enters 'Colombia' into enter country, Yoana enters ENTER into enter country, Yoana clicks on button to continue to the next step], Yoana third step [Yoana clicks on device selection , Yoana enters 'Apple' into specific device selection, Yoana enters ENTER into specific device selection, Yoana clicks on model selection]]
[Test worker] WARN net.thucydides.core.steps.BaseStepListener - stepStarted: net.thucydides.core.steps.ExecutedStepDescription@43fe2008
[Test worker] WARN net.thucydides.core.steps.BaseStepListener - stepFinished: current outcome:Create a new user in utest:Given that yoana needs a new user to enter utest [Yoana open up [Yoana opens the Open up page], Yoana register [Yoana clicks on button join today]], When you go to utest.com and click on join today you will find the form to create a new user [Yoana first step [Yoana enters 'Yoana' into enter name, Yoana enters 'Valest' into enter lastname, Yoana enters 'yoana@pruebas2.com' into enter email, Yoana clicks on enter month, Yoana clicks on enter day, Yoana clicks on enter year, Yoana enters 'Spanish' into enter languages, Yoana enters ENTER into enter languages, Yoana clicks on button to continue to the next step], Yoana second step [Yoana enters 'Bogota' into enter city, Yoana enters ARROW_DOWN into enter city, Yoana enters ENTER into enter city, Yoana enters '111011' into enter postal code, Yoana clicks on select list country, Yoana enters 'Colombia' into enter country, Yoana enters ENTER into enter country, Yoana clicks on button to continue to the next step], Yoana third step [Yoana clicks on device selection , Yoana enters 'Apple' into specific device selection, Yoana enters ENTER into specific device selection, Yoana clicks on model selection, Yoana enters 'iPhone 11' into specific model selection]]
[Test worker] WARN net.thucydides.core.steps.BaseStepListener - stepStarted: net.thucydides.core.steps.ExecutedStepDescription@12548f9a
[Test worker] WARN net.thucydides.core.steps.BaseStepListener - stepFinished: current outcome:Create a new user in utest:Given that yoana needs a new user to enter utest [Yoana open up [Yoana opens the Open up page], Yoana register [Yoana clicks on button join today]], When you go to utest.com and click on join today you will find the form to create a new user [Yoana first step [Yoana enters 'Yoana' into enter name, Yoana enters 'Valest' into enter lastname, Yoana enters 'yoana@pruebas2.com' into enter email, Yoana clicks on enter month, Yoana clicks on enter day, Yoana clicks on enter year, Yoana enters 'Spanish' into enter languages, Yoana enters ENTER into enter languages, Yoana clicks on button to continue to the next step], Yoana second step [Yoana enters 'Bogota' into enter city, Yoana enters ARROW_DOWN into enter city, Yoana enters ENTER into enter city, Yoana enters '111011' into enter postal code, Yoana clicks on select list country, Yoana enters 'Colombia' into enter country, Yoana enters ENTER into enter country, Yoana clicks on button to continue to the next step], Yoana third step [Yoana clicks on device selection , Yoana enters 'Apple' into specific device selection, Yoana enters ENTER into specific device selection, Yoana clicks on model selection, Yoana enters 'iPhone 11' into specific model selection, Yoana enters ENTER into specific model selection]]
[Test worker] WARN net.thucydides.core.steps.BaseStepListener - stepStarted: net.thucydides.core.steps.ExecutedStepDescription@5a583720
[Test worker] WARN net.thucydides.core.steps.BaseStepListener - stepFinished: current outcome:Create a new user in utest:Given that yoana needs a new user to enter utest [Yoana open up [Yoana opens the Open up page], Yoana register [Yoana clicks on button join today]], When you go to utest.com and click on join today you will find the form to create a new user [Yoana first step [Yoana enters 'Yoana' into enter name, Yoana enters 'Valest' into enter lastname, Yoana enters 'yoana@pruebas2.com' into enter email, Yoana clicks on enter month, Yoana clicks on enter day, Yoana clicks on enter year, Yoana enters 'Spanish' into enter languages, Yoana enters ENTER into enter languages, Yoana clicks on button to continue to the next step], Yoana second step [Yoana enters 'Bogota' into enter city, Yoana enters ARROW_DOWN into enter city, Yoana enters ENTER into enter city, Yoana enters '111011' into enter postal code, Yoana clicks on select list country, Yoana enters 'Colombia' into enter country, Yoana enters ENTER into enter country, Yoana clicks on button to continue to the next step], Yoana third step [Yoana clicks on device selection , Yoana enters 'Apple' into specific device selection, Yoana enters ENTER into specific device selection, Yoana clicks on model selection, Yoana enters 'iPhone 11' into specific model selection, Yoana enters ENTER into specific model selection, Yoana clicks on operating system selection]]
[Test worker] WARN net.thucydides.core.steps.BaseStepListener - stepStarted: net.thucydides.core.steps.ExecutedStepDescription@5d22604e
[Test worker] WARN net.thucydides.core.steps.BaseStepListener - stepFinished: current outcome:Create a new user in utest:Given that yoana needs a new user to enter utest [Yoana open up [Yoana opens the Open up page], Yoana register [Yoana clicks on button join today]], When you go to utest.com and click on join today you will find the form to create a new user [Yoana first step [Yoana enters 'Yoana' into enter name, Yoana enters 'Valest' into enter lastname, Yoana enters 'yoana@pruebas2.com' into enter email, Yoana clicks on enter month, Yoana clicks on enter day, Yoana clicks on enter year, Yoana enters 'Spanish' into enter languages, Yoana enters ENTER into enter languages, Yoana clicks on button to continue to the next step], Yoana second step [Yoana enters 'Bogota' into enter city, Yoana enters ARROW_DOWN into enter city, Yoana enters ENTER into enter city, Yoana enters '111011' into enter postal code, Yoana clicks on select list country, Yoana enters 'Colombia' into enter country, Yoana enters ENTER into enter country, Yoana clicks on button to continue to the next step], Yoana third step [Yoana clicks on device selection , Yoana enters 'Apple' into specific device selection, Yoana enters ENTER into specific device selection, Yoana clicks on model selection, Yoana enters 'iPhone 11' into specific model selection, Yoana enters ENTER into specific model selection, Yoana clicks on operating system selection, Yoana enters 'iOS 14.3' into  specific operating system selection]]
[Test worker] WARN net.thucydides.core.steps.BaseStepListener - stepStarted: net.thucydides.core.steps.ExecutedStepDescription@4e1a3d5a
[Test worker] WARN net.thucydides.core.steps.BaseStepListener - stepFinished: current outcome:Create a new user in utest:Given that yoana needs a new user to enter utest [Yoana open up [Yoana opens the Open up page], Yoana register [Yoana clicks on button join today]], When you go to utest.com and click on join today you will find the form to create a new user [Yoana first step [Yoana enters 'Yoana' into enter name, Yoana enters 'Valest' into enter lastname, Yoana enters 'yoana@pruebas2.com' into enter email, Yoana clicks on enter month, Yoana clicks on enter day, Yoana clicks on enter year, Yoana enters 'Spanish' into enter languages, Yoana enters ENTER into enter languages, Yoana clicks on button to continue to the next step], Yoana second step [Yoana enters 'Bogota' into enter city, Yoana enters ARROW_DOWN into enter city, Yoana enters ENTER into enter city, Yoana enters '111011' into enter postal code, Yoana clicks on select list country, Yoana enters 'Colombia' into enter country, Yoana enters ENTER into enter country, Yoana clicks on button to continue to the next step], Yoana third step [Yoana clicks on device selection , Yoana enters 'Apple' into specific device selection, Yoana enters ENTER into specific device selection, Yoana clicks on model selection, Yoana enters 'iPhone 11' into specific model selection, Yoana enters ENTER into specific model selection, Yoana clicks on operating system selection, Yoana enters 'iOS 14.3' into  specific operating system selection, Yoana enters ENTER into  specific operating system selection]]
[Test worker] WARN net.thucydides.core.steps.BaseStepListener - stepStarted: net.thucydides.core.steps.ExecutedStepDescription@41f7c02d
[Test worker] WARN net.thucydides.core.steps.BaseStepListener - stepFinished: current outcome:Create a new user in utest:Given that yoana needs a new user to enter utest [Yoana open up [Yoana opens the Open up page], Yoana register [Yoana clicks on button join today]], When you go to utest.com and click on join today you will find the form to create a new user [Yoana first step [Yoana enters 'Yoana' into enter name, Yoana enters 'Valest' into enter lastname, Yoana enters 'yoana@pruebas2.com' into enter email, Yoana clicks on enter month, Yoana clicks on enter day, Yoana clicks on enter year, Yoana enters 'Spanish' into enter languages, Yoana enters ENTER into enter languages, Yoana clicks on button to continue to the next step], Yoana second step [Yoana enters 'Bogota' into enter city, Yoana enters ARROW_DOWN into enter city, Yoana enters ENTER into enter city, Yoana enters '111011' into enter postal code, Yoana clicks on select list country, Yoana enters 'Colombia' into enter country, Yoana enters ENTER into enter country, Yoana clicks on button to continue to the next step], Yoana third step [Yoana clicks on device selection , Yoana enters 'Apple' into specific device selection, Yoana enters ENTER into specific device selection, Yoana clicks on model selection, Yoana enters 'iPhone 11' into specific model selection, Yoana enters ENTER into specific model selection, Yoana clicks on operating system selection, Yoana enters 'iOS 14.3' into  specific operating system selection, Yoana enters ENTER into  specific operating system selection, Yoana clicks on button to continue to the next step]]
[Test worker] WARN net.thucydides.core.steps.BaseStepListener - stepFinished: current outcome:Create a new user in utest:Given that yoana needs a new user to enter utest [Yoana open up [Yoana opens the Open up page], Yoana register [Yoana clicks on button join today]], When you go to utest.com and click on join today you will find the form to create a new user [Yoana first step [Yoana enters 'Yoana' into enter name, Yoana enters 'Valest' into enter lastname, Yoana enters 'yoana@pruebas2.com' into enter email, Yoana clicks on enter month, Yoana clicks on enter day, Yoana clicks on enter year, Yoana enters 'Spanish' into enter languages, Yoana enters ENTER into enter languages, Yoana clicks on button to continue to the next step], Yoana second step [Yoana enters 'Bogota' into enter city, Yoana enters ARROW_DOWN into enter city, Yoana enters ENTER into enter city, Yoana enters '111011' into enter postal code, Yoana clicks on select list country, Yoana enters 'Colombia' into enter country, Yoana enters ENTER into enter country, Yoana clicks on button to continue to the next step], Yoana third step [Yoana clicks on device selection , Yoana enters 'Apple' into specific device selection, Yoana enters ENTER into specific device selection, Yoana clicks on model selection, Yoana enters 'iPhone 11' into specific model selection, Yoana enters ENTER into specific model selection, Yoana clicks on operating system selection, Yoana enters 'iOS 14.3' into  specific operating system selection, Yoana enters ENTER into  specific operating system selection, Yoana clicks on button to continue to the next step]]
[Test worker] WARN net.thucydides.core.steps.BaseStepListener - stepStarted: net.thucydides.core.steps.ExecutedStepDescription@5e95b0ab
[Test worker] WARN net.thucydides.core.steps.BaseStepListener - stepStarted: net.thucydides.core.steps.ExecutedStepDescription@79617c3d
[Test worker] WARN net.thucydides.core.steps.BaseStepListener - stepFinished: current outcome:Create a new user in utest:Given that yoana needs a new user to enter utest [Yoana open up [Yoana opens the Open up page], Yoana register [Yoana clicks on button join today]], When you go to utest.com and click on join today you will find the form to create a new user [Yoana first step [Yoana enters 'Yoana' into enter name, Yoana enters 'Valest' into enter lastname, Yoana enters 'yoana@pruebas2.com' into enter email, Yoana clicks on enter month, Yoana clicks on enter day, Yoana clicks on enter year, Yoana enters 'Spanish' into enter languages, Yoana enters ENTER into enter languages, Yoana clicks on button to continue to the next step], Yoana second step [Yoana enters 'Bogota' into enter city, Yoana enters ARROW_DOWN into enter city, Yoana enters ENTER into enter city, Yoana enters '111011' into enter postal code, Yoana clicks on select list country, Yoana enters 'Colombia' into enter country, Yoana enters ENTER into enter country, Yoana clicks on button to continue to the next step], Yoana third step [Yoana clicks on device selection , Yoana enters 'Apple' into specific device selection, Yoana enters ENTER into specific device selection, Yoana clicks on model selection, Yoana enters 'iPhone 11' into specific model selection, Yoana enters ENTER into specific model selection, Yoana clicks on operating system selection, Yoana enters 'iOS 14.3' into  specific operating system selection, Yoana enters ENTER into  specific operating system selection, Yoana clicks on button to continue to the next step], Yoana fourth step [Yoana enters 'Prueba12345.' into enter password]]
[Test worker] WARN net.thucydides.core.steps.BaseStepListener - stepStarted: net.thucydides.core.steps.ExecutedStepDescription@31f1b268
[Test worker] WARN net.thucydides.core.steps.BaseStepListener - stepFinished: current outcome:Create a new user in utest:Given that yoana needs a new user to enter utest [Yoana open up [Yoana opens the Open up page], Yoana register [Yoana clicks on button join today]], When you go to utest.com and click on join today you will find the form to create a new user [Yoana first step [Yoana enters 'Yoana' into enter name, Yoana enters 'Valest' into enter lastname, Yoana enters 'yoana@pruebas2.com' into enter email, Yoana clicks on enter month, Yoana clicks on enter day, Yoana clicks on enter year, Yoana enters 'Spanish' into enter languages, Yoana enters ENTER into enter languages, Yoana clicks on button to continue to the next step], Yoana second step [Yoana enters 'Bogota' into enter city, Yoana enters ARROW_DOWN into enter city, Yoana enters ENTER into enter city, Yoana enters '111011' into enter postal code, Yoana clicks on select list country, Yoana enters 'Colombia' into enter country, Yoana enters ENTER into enter country, Yoana clicks on button to continue to the next step], Yoana third step [Yoana clicks on device selection , Yoana enters 'Apple' into specific device selection, Yoana enters ENTER into specific device selection, Yoana clicks on model selection, Yoana enters 'iPhone 11' into specific model selection, Yoana enters ENTER into specific model selection, Yoana clicks on operating system selection, Yoana enters 'iOS 14.3' into  specific operating system selection, Yoana enters ENTER into  specific operating system selection, Yoana clicks on button to continue to the next step], Yoana fourth step [Yoana enters 'Prueba12345.' into enter password, Yoana enters 'Prueba12345.' into enter confirm password]]
[Test worker] WARN net.thucydides.core.steps.BaseStepListener - stepStarted: net.thucydides.core.steps.ExecutedStepDescription@7f77e065
[Test worker] WARN net.thucydides.core.steps.BaseStepListener - stepFinished: current outcome:Create a new user in utest:Given that yoana needs a new user to enter utest [Yoana open up [Yoana opens the Open up page], Yoana register [Yoana clicks on button join today]], When you go to utest.com and click on join today you will find the form to create a new user [Yoana first step [Yoana enters 'Yoana' into enter name, Yoana enters 'Valest' into enter lastname, Yoana enters 'yoana@pruebas2.com' into enter email, Yoana clicks on enter month, Yoana clicks on enter day, Yoana clicks on enter year, Yoana enters 'Spanish' into enter languages, Yoana enters ENTER into enter languages, Yoana clicks on button to continue to the next step], Yoana second step [Yoana enters 'Bogota' into enter city, Yoana enters ARROW_DOWN into enter city, Yoana enters ENTER into enter city, Yoana enters '111011' into enter postal code, Yoana clicks on select list country, Yoana enters 'Colombia' into enter country, Yoana enters ENTER into enter country, Yoana clicks on button to continue to the next step], Yoana third step [Yoana clicks on device selection , Yoana enters 'Apple' into specific device selection, Yoana enters ENTER into specific device selection, Yoana clicks on model selection, Yoana enters 'iPhone 11' into specific model selection, Yoana enters ENTER into specific model selection, Yoana clicks on operating system selection, Yoana enters 'iOS 14.3' into  specific operating system selection, Yoana enters ENTER into  specific operating system selection, Yoana clicks on button to continue to the next step], Yoana fourth step [Yoana enters 'Prueba12345.' into enter password, Yoana enters 'Prueba12345.' into enter confirm password, Yoana clicks on check to accept terms of use]]
[Test worker] WARN net.thucydides.core.steps.BaseStepListener - stepStarted: net.thucydides.core.steps.ExecutedStepDescription@5178345d
[Test worker] WARN net.thucydides.core.steps.BaseStepListener - stepFinished: current outcome:Create a new user in utest:Given that yoana needs a new user to enter utest [Yoana open up [Yoana opens the Open up page], Yoana register [Yoana clicks on button join today]], When you go to utest.com and click on join today you will find the form to create a new user [Yoana first step [Yoana enters 'Yoana' into enter name, Yoana enters 'Valest' into enter lastname, Yoana enters 'yoana@pruebas2.com' into enter email, Yoana clicks on enter month, Yoana clicks on enter day, Yoana clicks on enter year, Yoana enters 'Spanish' into enter languages, Yoana enters ENTER into enter languages, Yoana clicks on button to continue to the next step], Yoana second step [Yoana enters 'Bogota' into enter city, Yoana enters ARROW_DOWN into enter city, Yoana enters ENTER into enter city, Yoana enters '111011' into enter postal code, Yoana clicks on select list country, Yoana enters 'Colombia' into enter country, Yoana enters ENTER into enter country, Yoana clicks on button to continue to the next step], Yoana third step [Yoana clicks on device selection , Yoana enters 'Apple' into specific device selection, Yoana enters ENTER into specific device selection, Yoana clicks on model selection, Yoana enters 'iPhone 11' into specific model selection, Yoana enters ENTER into specific model selection, Yoana clicks on operating system selection, Yoana enters 'iOS 14.3' into  specific operating system selection, Yoana enters ENTER into  specific operating system selection, Yoana clicks on button to continue to the next step], Yoana fourth step [Yoana enters 'Prueba12345.' into enter password, Yoana enters 'Prueba12345.' into enter confirm password, Yoana clicks on check to accept terms of use, Yoana clicks on check to accept privacy policy]]
[Test worker] WARN net.thucydides.core.steps.BaseStepListener - stepStarted: net.thucydides.core.steps.ExecutedStepDescription@472719df
[Test worker] WARN net.thucydides.core.steps.BaseStepListener - stepFinished: current outcome:Create a new user in utest:Given that yoana needs a new user to enter utest [Yoana open up [Yoana opens the Open up page], Yoana register [Yoana clicks on button join today]], When you go to utest.com and click on join today you will find the form to create a new user [Yoana first step [Yoana enters 'Yoana' into enter name, Yoana enters 'Valest' into enter lastname, Yoana enters 'yoana@pruebas2.com' into enter email, Yoana clicks on enter month, Yoana clicks on enter day, Yoana clicks on enter year, Yoana enters 'Spanish' into enter languages, Yoana enters ENTER into enter languages, Yoana clicks on button to continue to the next step], Yoana second step [Yoana enters 'Bogota' into enter city, Yoana enters ARROW_DOWN into enter city, Yoana enters ENTER into enter city, Yoana enters '111011' into enter postal code, Yoana clicks on select list country, Yoana enters 'Colombia' into enter country, Yoana enters ENTER into enter country, Yoana clicks on button to continue to the next step], Yoana third step [Yoana clicks on device selection , Yoana enters 'Apple' into specific device selection, Yoana enters ENTER into specific device selection, Yoana clicks on model selection, Yoana enters 'iPhone 11' into specific model selection, Yoana enters ENTER into specific model selection, Yoana clicks on operating system selection, Yoana enters 'iOS 14.3' into  specific operating system selection, Yoana enters ENTER into  specific operating system selection, Yoana clicks on button to continue to the next step], Yoana fourth step [Yoana enters 'Prueba12345.' into enter password, Yoana enters 'Prueba12345.' into enter confirm password, Yoana clicks on check to accept terms of use, Yoana clicks on check to accept privacy policy, Yoana clicks on button to finish]]
[Test worker] WARN net.thucydides.core.steps.BaseStepListener - stepFinished: current outcome:Create a new user in utest:Given that yoana needs a new user to enter utest [Yoana open up [Yoana opens the Open up page], Yoana register [Yoana clicks on button join today]], When you go to utest.com and click on join today you will find the form to create a new user [Yoana first step [Yoana enters 'Yoana' into enter name, Yoana enters 'Valest' into enter lastname, Yoana enters 'yoana@pruebas2.com' into enter email, Yoana clicks on enter month, Yoana clicks on enter day, Yoana clicks on enter year, Yoana enters 'Spanish' into enter languages, Yoana enters ENTER into enter languages, Yoana clicks on button to continue to the next step], Yoana second step [Yoana enters 'Bogota' into enter city, Yoana enters ARROW_DOWN into enter city, Yoana enters ENTER into enter city, Yoana enters '111011' into enter postal code, Yoana clicks on select list country, Yoana enters 'Colombia' into enter country, Yoana enters ENTER into enter country, Yoana clicks on button to continue to the next step], Yoana third step [Yoana clicks on device selection , Yoana enters 'Apple' into specific device selection, Yoana enters ENTER into specific device selection, Yoana clicks on model selection, Yoana enters 'iPhone 11' into specific model selection, Yoana enters ENTER into specific model selection, Yoana clicks on operating system selection, Yoana enters 'iOS 14.3' into  specific operating system selection, Yoana enters ENTER into  specific operating system selection, Yoana clicks on button to continue to the next step], Yoana fourth step [Yoana enters 'Prueba12345.' into enter password, Yoana enters 'Prueba12345.' into enter confirm password, Yoana clicks on check to accept terms of use, Yoana clicks on check to accept privacy policy, Yoana clicks on button to finish]]
[Test worker] WARN net.thucydides.core.steps.BaseStepListener - stepFinished: current outcome:Create a new user in utest:Given that yoana needs a new user to enter utest [Yoana open up [Yoana opens the Open up page], Yoana register [Yoana clicks on button join today]], When you go to utest.com and click on join today you will find the form to create a new user [Yoana first step [Yoana enters 'Yoana' into enter name, Yoana enters 'Valest' into enter lastname, Yoana enters 'yoana@pruebas2.com' into enter email, Yoana clicks on enter month, Yoana clicks on enter day, Yoana clicks on enter year, Yoana enters 'Spanish' into enter languages, Yoana enters ENTER into enter languages, Yoana clicks on button to continue to the next step], Yoana second step [Yoana enters 'Bogota' into enter city, Yoana enters ARROW_DOWN into enter city, Yoana enters ENTER into enter city, Yoana enters '111011' into enter postal code, Yoana clicks on select list country, Yoana enters 'Colombia' into enter country, Yoana enters ENTER into enter country, Yoana clicks on button to continue to the next step], Yoana third step [Yoana clicks on device selection , Yoana enters 'Apple' into specific device selection, Yoana enters ENTER into specific device selection, Yoana clicks on model selection, Yoana enters 'iPhone 11' into specific model selection, Yoana enters ENTER into specific model selection, Yoana clicks on operating system selection, Yoana enters 'iOS 14.3' into  specific operating system selection, Yoana enters ENTER into  specific operating system selection, Yoana clicks on button to continue to the next step], Yoana fourth step [Yoana enters 'Prueba12345.' into enter password, Yoana enters 'Prueba12345.' into enter confirm password, Yoana clicks on check to accept terms of use, Yoana clicks on check to accept privacy policy, Yoana clicks on button to finish]]
[Test worker] WARN net.thucydides.core.steps.BaseStepListener - stepStarted: net.thucydides.core.steps.ExecutedStepDescription@3400d6fa
[Test worker] WARN net.thucydides.core.steps.BaseStepListener - stepFinished: current outcome:Create a new user in utest:Given that yoana needs a new user to enter utest [Yoana open up [Yoana opens the Open up page], Yoana register [Yoana clicks on button join today]], When you go to utest.com and click on join today you will find the form to create a new user [Yoana first step [Yoana enters 'Yoana' into enter name, Yoana enters 'Valest' into enter lastname, Yoana enters 'yoana@pruebas2.com' into enter email, Yoana clicks on enter month, Yoana clicks on enter day, Yoana clicks on enter year, Yoana enters 'Spanish' into enter languages, Yoana enters ENTER into enter languages, Yoana clicks on button to continue to the next step], Yoana second step [Yoana enters 'Bogota' into enter city, Yoana enters ARROW_DOWN into enter city, Yoana enters ENTER into enter city, Yoana enters '111011' into enter postal code, Yoana clicks on select list country, Yoana enters 'Colombia' into enter country, Yoana enters ENTER into enter country, Yoana clicks on button to continue to the next step], Yoana third step [Yoana clicks on device selection , Yoana enters 'Apple' into specific device selection, Yoana enters ENTER into specific device selection, Yoana clicks on model selection, Yoana enters 'iPhone 11' into specific model selection, Yoana enters ENTER into specific model selection, Yoana clicks on operating system selection, Yoana enters 'iOS 14.3' into  specific operating system selection, Yoana enters ENTER into  specific operating system selection, Yoana clicks on button to continue to the next step], Yoana fourth step [Yoana enters 'Prueba12345.' into enter password, Yoana enters 'Prueba12345.' into enter confirm password, Yoana clicks on check to accept terms of use, Yoana clicks on check to accept privacy policy, Yoana clicks on button to finish]], Then he fills out the form and obtains the new user to enter utest
[Test worker] WARN net.thucydides.core.steps.BaseStepListener - testFinished: Create a new user in utest:Given that yoana needs a new user to enter utest [Yoana open up [Yoana opens the Open up page], Yoana register [Yoana clicks on button join today]], When you go to utest.com and click on join today you will find the form to create a new user [Yoana first step [Yoana enters 'Yoana' into enter name, Yoana enters 'Valest' into enter lastname, Yoana enters 'yoana@pruebas2.com' into enter email, Yoana clicks on enter month, Yoana clicks on enter day, Yoana clicks on enter year, Yoana enters 'Spanish' into enter languages, Yoana enters ENTER into enter languages, Yoana clicks on button to continue to the next step], Yoana second step [Yoana enters 'Bogota' into enter city, Yoana enters ARROW_DOWN into enter city, Yoana enters ENTER into enter city, Yoana enters '111011' into enter postal code, Yoana clicks on select list country, Yoana enters 'Colombia' into enter country, Yoana enters ENTER into enter country, Yoana clicks on button to continue to the next step], Yoana third step [Yoana clicks on device selection , Yoana enters 'Apple' into specific device selection, Yoana enters ENTER into specific device selection, Yoana clicks on model selection, Yoana enters 'iPhone 11' into specific model selection, Yoana enters ENTER into specific model selection, Yoana clicks on operating system selection, Yoana enters 'iOS 14.3' into  specific operating system selection, Yoana enters ENTER into  specific operating system selection, Yoana clicks on button to continue to the next step], Yoana fourth step [Yoana enters 'Prueba12345.' into enter password, Yoana enters 'Prueba12345.' into enter confirm password, Yoana clicks on check to accept terms of use, Yoana clicks on check to accept privacy policy, Yoana clicks on button to finish]], Then he fills out the form and obtains the new user to enter utest
[Test worker] WARN net.thucydides.core.steps.BaseStepListener - TestOutcomes: [Create a new user in utest:Given that yoana needs a new user to enter utest [Yoana open up [Yoana opens the Open up page], Yoana register [Yoana clicks on button join today]], When you go to utest.com and click on join today you will find the form to create a new user [Yoana first step [Yoana enters 'Yoana' into enter name, Yoana enters 'Valest' into enter lastname, Yoana enters 'yoana@pruebas2.com' into enter email, Yoana clicks on enter month, Yoana clicks on enter day, Yoana clicks on enter year, Yoana enters 'Spanish' into enter languages, Yoana enters ENTER into enter languages, Yoana clicks on button to continue to the next step], Yoana second step [Yoana enters 'Bogota' into enter city, Yoana enters ARROW_DOWN into enter city, Yoana enters ENTER into enter city, Yoana enters '111011' into enter postal code, Yoana clicks on select list country, Yoana enters 'Colombia' into enter country, Yoana enters ENTER into enter country, Yoana clicks on button to continue to the next step], Yoana third step [Yoana clicks on device selection , Yoana enters 'Apple' into specific device selection, Yoana enters ENTER into specific device selection, Yoana clicks on model selection, Yoana enters 'iPhone 11' into specific model selection, Yoana enters ENTER into specific model selection, Yoana clicks on operating system selection, Yoana enters 'iOS 14.3' into  specific operating system selection, Yoana enters ENTER into  specific operating system selection, Yoana clicks on button to continue to the next step], Yoana fourth step [Yoana enters 'Prueba12345.' into enter password, Yoana enters 'Prueba12345.' into enter confirm password, Yoana clicks on check to accept terms of use, Yoana clicks on check to accept privacy policy, Yoana clicks on button to finish]], Then he fills out the form and obtains the new user to enter utest]
[Test worker] WARN net.thucydides.core.steps.BaseStepListener - Final testOutcomes: [Create a new user in utest:Given that yoana needs a new user to enter utest [Yoana open up [Yoana opens the Open up page], Yoana register [Yoana clicks on button join today]], When you go to utest.com and click on join today you will find the form to create a new user [Yoana first step [Yoana enters 'Yoana' into enter name, Yoana enters 'Valest' into enter lastname, Yoana enters 'yoana@pruebas2.com' into enter email, Yoana clicks on enter month, Yoana clicks on enter day, Yoana clicks on enter year, Yoana enters 'Spanish' into enter languages, Yoana enters ENTER into enter languages, Yoana clicks on button to continue to the next step], Yoana second step [Yoana enters 'Bogota' into enter city, Yoana enters ARROW_DOWN into enter city, Yoana enters ENTER into enter city, Yoana enters '111011' into enter postal code, Yoana clicks on select list country, Yoana enters 'Colombia' into enter country, Yoana enters ENTER into enter country, Yoana clicks on button to continue to the next step], Yoana third step [Yoana clicks on device selection , Yoana enters 'Apple' into specific device selection, Yoana enters ENTER into specific device selection, Yoana clicks on model selection, Yoana enters 'iPhone 11' into specific model selection, Yoana enters ENTER into specific model selection, Yoana clicks on operating system selection, Yoana enters 'iOS 14.3' into  specific operating system selection, Yoana enters ENTER into  specific operating system selection, Yoana clicks on button to continue to the next step], Yoana fourth step [Yoana enters 'Prueba12345.' into enter password, Yoana enters 'Prueba12345.' into enter confirm password, Yoana clicks on check to accept terms of use, Yoana clicks on check to accept privacy policy, Yoana clicks on button to finish]], Then he fills out the form and obtains the new user to enter utest]
[Test worker] INFO net.thucydides.core.steps.ConsoleLoggingListener - 
        __    _____ _____ ____ _____   ____   _    ____  ____  _____ ____  
  _     \ \  |_   _| ____/ ___|_   _| |  _ \ / \  / ___|/ ___|| ____|  _ \ 
 (_)_____| |   | | |  _| \___ \ | |   | |_) / _ \ \___ \\___ \|  _| | | | |
  _|_____| |   | | | |___ ___) || |   |  __/ ___ \ ___) |___) | |___| |_| |
 (_)     | |   |_| |_____|____/ |_|   |_| /_/   \_\____/|____/|_____|____/ 
        /_/                                                                

TEST PASSED: Create a new user in utest
----------------------------------------------------------------------------
]]></system-err>
</testsuite>
