<?xml version="1.0" encoding="UTF-8"?>
<testsuite name="Reto Choucair" tests="1" skipped="0" failures="0" errors="0" timestamp="2022-01-17T06:24:26" hostname="SOYYO-YVALEST2" time="66.416">
  <properties/>
  <testcase name="Create a new user in utest" classname="Reto Choucair" time="66.416"/>
  <system-out><![CDATA[]]></system-out>
  <system-err><![CDATA[[Test worker] WARN net.thucydides.core.steps.BaseStepListener - stepStarted: net.thucydides.core.steps.ExecutedStepDescription@6d1d4d7
[Test worker] WARN net.thucydides.core.steps.BaseStepListener - stepStarted: net.thucydides.core.steps.ExecutedStepDescription@59532566
[Test worker] WARN net.thucydides.core.steps.BaseStepListener - stepStarted: net.thucydides.core.steps.ExecutedStepDescription@63fdffcd
ene 17, 2022 1:24:29 AM org.openqa.selenium.remote.DesiredCapabilities chrome
INFORMACIÓN: Using `new ChromeOptions()` is preferred to `DesiredCapabilities.chrome()`
[Test worker] INFO net.serenitybdd.core.webdriver.driverproviders.ProvideNewDriver - Instantiating driver
[Test worker] INFO net.serenitybdd.core.webdriver.driverproviders.ProvideNewDriver - Driver capabilities: Capabilities {acceptInsecureCerts: false, browserName: chrome, chrome.switches: --start-maximized, goog:chromeOptions: {args: [--start-maximized], extensions: []}, loggingPrefs: org.openqa.selenium.logging..., platform: ANY, version: }
Starting ChromeDriver 97.0.4692.71 (adefa7837d02a07a604c1e6eff0b3a09422ab88d-refs/branch-heads/4692@{#1247}) on port 19181
Only local connections are allowed.
Please see https://chromedriver.chromium.org/security-considerations for suggestions on keeping ChromeDriver safe.
ChromeDriver was started successfully.
ene 17, 2022 1:24:39 AM org.openqa.selenium.remote.ProtocolHandshake createSession
INFORMACIÓN: Detected dialect: W3C
[Test worker] WARN net.thucydides.core.steps.BaseStepListener - stepFinished: current outcome:Create a new user in utest:Given that yoana needs a new user to enter utest [Yoana open up [Yoana opens the Prueba choucair page]]
[Test worker] WARN net.thucydides.core.steps.BaseStepListener - stepFinished: current outcome:Create a new user in utest:Given that yoana needs a new user to enter utest [Yoana open up [Yoana opens the Prueba choucair page]]
[Test worker] WARN net.thucydides.core.steps.BaseStepListener - stepStarted: net.thucydides.core.steps.ExecutedStepDescription@7fd987ef
[Test worker] WARN net.thucydides.core.steps.BaseStepListener - stepStarted: net.thucydides.core.steps.ExecutedStepDescription@7a3b7122
[Test worker] WARN net.thucydides.core.steps.BaseStepListener - stepFinished: current outcome:Create a new user in utest:Given that yoana needs a new user to enter utest [Yoana open up [Yoana opens the Prueba choucair page], Yoana register [Yoana clicks on button join today]]
[Test worker] WARN net.thucydides.core.steps.BaseStepListener - stepFinished: current outcome:Create a new user in utest:Given that yoana needs a new user to enter utest [Yoana open up [Yoana opens the Prueba choucair page], Yoana register [Yoana clicks on button join today]]
[Test worker] WARN net.thucydides.core.steps.BaseStepListener - stepFinished: current outcome:Create a new user in utest:Given that yoana needs a new user to enter utest [Yoana open up [Yoana opens the Prueba choucair page], Yoana register [Yoana clicks on button join today]]
[Test worker] WARN net.thucydides.core.steps.BaseStepListener - stepStarted: net.thucydides.core.steps.ExecutedStepDescription@502a4156
[Test worker] WARN net.thucydides.core.steps.BaseStepListener - stepStarted: net.thucydides.core.steps.ExecutedStepDescription@2c63762b
[Test worker] WARN net.thucydides.core.steps.BaseStepListener - stepStarted: net.thucydides.core.steps.ExecutedStepDescription@769bd849
[Test worker] WARN net.thucydides.core.steps.BaseStepListener - stepFinished: current outcome:Create a new user in utest:Given that yoana needs a new user to enter utest [Yoana open up [Yoana opens the Prueba choucair page], Yoana register [Yoana clicks on button join today]], When you go to utest.com and click on join today you will find the form to create a new user [Yoana first step [Yoana enters 'Yoana' into enter name]]
[Test worker] WARN net.thucydides.core.steps.BaseStepListener - stepStarted: net.thucydides.core.steps.ExecutedStepDescription@415ef4d8
[Test worker] WARN net.thucydides.core.steps.BaseStepListener - stepFinished: current outcome:Create a new user in utest:Given that yoana needs a new user to enter utest [Yoana open up [Yoana opens the Prueba choucair page], Yoana register [Yoana clicks on button join today]], When you go to utest.com and click on join today you will find the form to create a new user [Yoana first step [Yoana enters 'Yoana' into enter name, Yoana enters 'Valest' into enter lastname]]
[Test worker] WARN net.thucydides.core.steps.BaseStepListener - stepStarted: net.thucydides.core.steps.ExecutedStepDescription@4ed15347
[Test worker] WARN net.thucydides.core.steps.BaseStepListener - stepFinished: current outcome:Create a new user in utest:Given that yoana needs a new user to enter utest [Yoana open up [Yoana opens the Prueba choucair page], Yoana register [Yoana clicks on button join today]], When you go to utest.com and click on join today you will find the form to create a new user [Yoana first step [Yoana enters 'Yoana' into enter name, Yoana enters 'Valest' into enter lastname, Yoana enters 'yoana@prueba.com' into enter email]]
[Test worker] WARN net.thucydides.core.steps.BaseStepListener - stepStarted: net.thucydides.core.steps.ExecutedStepDescription@4207852d
[Test worker] WARN net.thucydides.core.steps.BaseStepListener - stepFinished: current outcome:Create a new user in utest:Given that yoana needs a new user to enter utest [Yoana open up [Yoana opens the Prueba choucair page], Yoana register [Yoana clicks on button join today]], When you go to utest.com and click on join today you will find the form to create a new user [Yoana first step [Yoana enters 'Yoana' into enter name, Yoana enters 'Valest' into enter lastname, Yoana enters 'yoana@prueba.com' into enter email, Yoana clicks on enter month]]
[Test worker] WARN net.thucydides.core.steps.BaseStepListener - stepStarted: net.thucydides.core.steps.ExecutedStepDescription@5438c17a
[Test worker] WARN net.thucydides.core.steps.BaseStepListener - stepFinished: current outcome:Create a new user in utest:Given that yoana needs a new user to enter utest [Yoana open up [Yoana opens the Prueba choucair page], Yoana register [Yoana clicks on button join today]], When you go to utest.com and click on join today you will find the form to create a new user [Yoana first step [Yoana enters 'Yoana' into enter name, Yoana enters 'Valest' into enter lastname, Yoana enters 'yoana@prueba.com' into enter email, Yoana clicks on enter month, Yoana clicks on enter day]]
[Test worker] WARN net.thucydides.core.steps.BaseStepListener - stepStarted: net.thucydides.core.steps.ExecutedStepDescription@7a687d8d
[Test worker] WARN net.thucydides.core.steps.BaseStepListener - stepFinished: current outcome:Create a new user in utest:Given that yoana needs a new user to enter utest [Yoana open up [Yoana opens the Prueba choucair page], Yoana register [Yoana clicks on button join today]], When you go to utest.com and click on join today you will find the form to create a new user [Yoana first step [Yoana enters 'Yoana' into enter name, Yoana enters 'Valest' into enter lastname, Yoana enters 'yoana@prueba.com' into enter email, Yoana clicks on enter month, Yoana clicks on enter day, Yoana clicks on enter year]]
[Test worker] WARN net.thucydides.core.steps.BaseStepListener - stepStarted: net.thucydides.core.steps.ExecutedStepDescription@706ddbc8
[Test worker] WARN net.thucydides.core.steps.BaseStepListener - stepFinished: current outcome:Create a new user in utest:Given that yoana needs a new user to enter utest [Yoana open up [Yoana opens the Prueba choucair page], Yoana register [Yoana clicks on button join today]], When you go to utest.com and click on join today you will find the form to create a new user [Yoana first step [Yoana enters 'Yoana' into enter name, Yoana enters 'Valest' into enter lastname, Yoana enters 'yoana@prueba.com' into enter email, Yoana clicks on enter month, Yoana clicks on enter day, Yoana clicks on enter year, Yoana clicks on button to continue to the next step]]
[Test worker] WARN net.thucydides.core.steps.BaseStepListener - stepFinished: current outcome:Create a new user in utest:Given that yoana needs a new user to enter utest [Yoana open up [Yoana opens the Prueba choucair page], Yoana register [Yoana clicks on button join today]], When you go to utest.com and click on join today you will find the form to create a new user [Yoana first step [Yoana enters 'Yoana' into enter name, Yoana enters 'Valest' into enter lastname, Yoana enters 'yoana@prueba.com' into enter email, Yoana clicks on enter month, Yoana clicks on enter day, Yoana clicks on enter year, Yoana clicks on button to continue to the next step]]
[Test worker] WARN net.thucydides.core.steps.BaseStepListener - stepStarted: net.thucydides.core.steps.ExecutedStepDescription@5e26f1ed
[Test worker] WARN net.thucydides.core.steps.BaseStepListener - stepStarted: net.thucydides.core.steps.ExecutedStepDescription@4b515eab
[Test worker] WARN net.thucydides.core.steps.BaseStepListener - stepFinished: current outcome:Create a new user in utest:Given that yoana needs a new user to enter utest [Yoana open up [Yoana opens the Prueba choucair page], Yoana register [Yoana clicks on button join today]], When you go to utest.com and click on join today you will find the form to create a new user [Yoana first step [Yoana enters 'Yoana' into enter name, Yoana enters 'Valest' into enter lastname, Yoana enters 'yoana@prueba.com' into enter email, Yoana clicks on enter month, Yoana clicks on enter day, Yoana clicks on enter year, Yoana clicks on button to continue to the next step], Yoana second step [Yoana enters 'Bogota' into enter city]]
[Test worker] WARN net.thucydides.core.steps.BaseStepListener - stepStarted: net.thucydides.core.steps.ExecutedStepDescription@5f366587
[Test worker] WARN net.thucydides.core.steps.BaseStepListener - stepFinished: current outcome:Create a new user in utest:Given that yoana needs a new user to enter utest [Yoana open up [Yoana opens the Prueba choucair page], Yoana register [Yoana clicks on button join today]], When you go to utest.com and click on join today you will find the form to create a new user [Yoana first step [Yoana enters 'Yoana' into enter name, Yoana enters 'Valest' into enter lastname, Yoana enters 'yoana@prueba.com' into enter email, Yoana clicks on enter month, Yoana clicks on enter day, Yoana clicks on enter year, Yoana clicks on button to continue to the next step], Yoana second step [Yoana enters 'Bogota' into enter city, Yoana enters '111111' into enter postal code]]
[Test worker] WARN net.thucydides.core.steps.BaseStepListener - stepStarted: net.thucydides.core.steps.ExecutedStepDescription@6fa2448b
[Test worker] WARN net.thucydides.core.steps.BaseStepListener - stepFinished: current outcome:Create a new user in utest:Given that yoana needs a new user to enter utest [Yoana open up [Yoana opens the Prueba choucair page], Yoana register [Yoana clicks on button join today]], When you go to utest.com and click on join today you will find the form to create a new user [Yoana first step [Yoana enters 'Yoana' into enter name, Yoana enters 'Valest' into enter lastname, Yoana enters 'yoana@prueba.com' into enter email, Yoana clicks on enter month, Yoana clicks on enter day, Yoana clicks on enter year, Yoana clicks on button to continue to the next step], Yoana second step [Yoana enters 'Bogota' into enter city, Yoana enters '111111' into enter postal code, Yoana clicks on enter postal code]]
[Test worker] WARN net.thucydides.core.steps.BaseStepListener - stepFinished: current outcome:Create a new user in utest:Given that yoana needs a new user to enter utest [Yoana open up [Yoana opens the Prueba choucair page], Yoana register [Yoana clicks on button join today]], When you go to utest.com and click on join today you will find the form to create a new user [Yoana first step [Yoana enters 'Yoana' into enter name, Yoana enters 'Valest' into enter lastname, Yoana enters 'yoana@prueba.com' into enter email, Yoana clicks on enter month, Yoana clicks on enter day, Yoana clicks on enter year, Yoana clicks on button to continue to the next step], Yoana second step [Yoana enters 'Bogota' into enter city, Yoana enters '111111' into enter postal code, Yoana clicks on enter postal code]]
[Test worker] WARN net.thucydides.core.steps.BaseStepListener - stepFinished: current outcome:Create a new user in utest:Given that yoana needs a new user to enter utest [Yoana open up [Yoana opens the Prueba choucair page], Yoana register [Yoana clicks on button join today]], When you go to utest.com and click on join today you will find the form to create a new user [Yoana first step [Yoana enters 'Yoana' into enter name, Yoana enters 'Valest' into enter lastname, Yoana enters 'yoana@prueba.com' into enter email, Yoana clicks on enter month, Yoana clicks on enter day, Yoana clicks on enter year, Yoana clicks on button to continue to the next step], Yoana second step [Yoana enters 'Bogota' into enter city, Yoana enters '111111' into enter postal code, Yoana clicks on enter postal code]]
[Test worker] WARN net.thucydides.core.steps.BaseStepListener - stepStarted: net.thucydides.core.steps.ExecutedStepDescription@21de60a7
[Test worker] WARN net.thucydides.core.steps.BaseStepListener - stepFinished: current outcome:Create a new user in utest:Given that yoana needs a new user to enter utest [Yoana open up [Yoana opens the Prueba choucair page], Yoana register [Yoana clicks on button join today]], When you go to utest.com and click on join today you will find the form to create a new user [Yoana first step [Yoana enters 'Yoana' into enter name, Yoana enters 'Valest' into enter lastname, Yoana enters 'yoana@prueba.com' into enter email, Yoana clicks on enter month, Yoana clicks on enter day, Yoana clicks on enter year, Yoana clicks on button to continue to the next step], Yoana second step [Yoana enters 'Bogota' into enter city, Yoana enters '111111' into enter postal code, Yoana clicks on enter postal code]], Then he fills out the form and obtains the new user to enter utest
[Test worker] WARN net.thucydides.core.steps.BaseStepListener - testFinished: Create a new user in utest:Given that yoana needs a new user to enter utest [Yoana open up [Yoana opens the Prueba choucair page], Yoana register [Yoana clicks on button join today]], When you go to utest.com and click on join today you will find the form to create a new user [Yoana first step [Yoana enters 'Yoana' into enter name, Yoana enters 'Valest' into enter lastname, Yoana enters 'yoana@prueba.com' into enter email, Yoana clicks on enter month, Yoana clicks on enter day, Yoana clicks on enter year, Yoana clicks on button to continue to the next step], Yoana second step [Yoana enters 'Bogota' into enter city, Yoana enters '111111' into enter postal code, Yoana clicks on enter postal code]], Then he fills out the form and obtains the new user to enter utest
[Test worker] WARN net.thucydides.core.steps.BaseStepListener - TestOutcomes: [Create a new user in utest:Given that yoana needs a new user to enter utest [Yoana open up [Yoana opens the Prueba choucair page], Yoana register [Yoana clicks on button join today]], When you go to utest.com and click on join today you will find the form to create a new user [Yoana first step [Yoana enters 'Yoana' into enter name, Yoana enters 'Valest' into enter lastname, Yoana enters 'yoana@prueba.com' into enter email, Yoana clicks on enter month, Yoana clicks on enter day, Yoana clicks on enter year, Yoana clicks on button to continue to the next step], Yoana second step [Yoana enters 'Bogota' into enter city, Yoana enters '111111' into enter postal code, Yoana clicks on enter postal code]], Then he fills out the form and obtains the new user to enter utest]
[Test worker] WARN net.thucydides.core.steps.BaseStepListener - Final testOutcomes: [Create a new user in utest:Given that yoana needs a new user to enter utest [Yoana open up [Yoana opens the Prueba choucair page], Yoana register [Yoana clicks on button join today]], When you go to utest.com and click on join today you will find the form to create a new user [Yoana first step [Yoana enters 'Yoana' into enter name, Yoana enters 'Valest' into enter lastname, Yoana enters 'yoana@prueba.com' into enter email, Yoana clicks on enter month, Yoana clicks on enter day, Yoana clicks on enter year, Yoana clicks on button to continue to the next step], Yoana second step [Yoana enters 'Bogota' into enter city, Yoana enters '111111' into enter postal code, Yoana clicks on enter postal code]], Then he fills out the form and obtains the new user to enter utest]
[Test worker] INFO net.thucydides.core.steps.ConsoleLoggingListener - 
        __    _____ _____ ____ _____   ____   _    ____  ____  _____ ____  
  _     \ \  |_   _| ____/ ___|_   _| |  _ \ / \  / ___|/ ___|| ____|  _ \ 
 (_)_____| |   | | |  _| \___ \ | |   | |_) / _ \ \___ \\___ \|  _| | | | |
  _|_____| |   | | | |___ ___) || |   |  __/ ___ \ ___) |___) | |___| |_| |
 (_)     | |   |_| |_____|____/ |_|   |_| /_/   \_\____/|____/|_____|____/ 
        /_/                                                                

TEST PASSED: Create a new user in utest
----------------------------------------------------------------------------
]]></system-err>
</testsuite>
